0 info it worked if it ends with ok
1 verbose cli [ '/home/melih/.nvm/versions/node/v6.14.4/bin/node',
1 verbose cli   '/home/melih/.nvm/versions/node/v6.14.4/bin/npm',
1 verbose cli   'run',
1 verbose cli   'prettier' ]
2 info using npm@3.10.10
3 info using node@v6.14.4
4 verbose run-script [ 'prettier' ]
5 info lifecycle tdsmaker-app@0.1.0~prettier: tdsmaker-app@0.1.0
6 verbose lifecycle tdsmaker-app@0.1.0~prettier: unsafe-perm in lifecycle true
7 verbose lifecycle tdsmaker-app@0.1.0~prettier: PATH: /home/melih/.nvm/versions/node/v6.14.4/lib/node_modules/npm/bin/node-gyp-bin:/home/melih/Projects/Personel/TDSMaker/NEW_DESIGN/tm-frontend-app/node_modules/.bin:/home/melih/Projects/Personel/TDSMaker/NEW_DESIGN/tm-frontend-app/node_modules/.bin:/home/melih/Projects/Personel/TDSMaker/NEW_DESIGN/node_modules/.bin:/home/melih/Projects/Personel/TDSMaker/node_modules/.bin:/home/melih/Projects/Personel/node_modules/.bin:/home/melih/Projects/node_modules/.bin:/home/melih/node_modules/.bin:/home/node_modules/.bin:/node_modules/.bin:/home/melih/.nvm/versions/node/v6.14.4/bin:/usr/lib/git-core:/home/melih/Downloads/google-cloud-sdk/bin:/home/melih/bin:/home/melih/.local/bin:/home/melih/Downloads/google-cloud-sdk/bin:/home/melih/.nvm/versions/node/v6.14.4/bin:/home/melih/bin:/home/melih/.local/bin:/usr/local/sbin:/usr/local/bin:/usr/sbin:/usr/bin:/sbin:/bin:/usr/games:/usr/local/games:/snap/bin:/usr/lib/jvm/java-8-oracle/bin:/usr/lib/jvm/java-8-oracle/db/bin:/usr/lib/jvm/java-8-oracle/jre/bin:/usr/lib/jvm/java-8-oracle/bin:/usr/lib/jvm/java-8-oracle/db/bin:/usr/lib/jvm/java-8-oracle/jre/bin:/home/melih/Android/Sdk/tools:/home/melih/Android/Sdk/tools
8 verbose lifecycle tdsmaker-app@0.1.0~prettier: CWD: /home/melih/Projects/Personel/TDSMaker/NEW_DESIGN/tm-frontend-app
9 silly lifecycle tdsmaker-app@0.1.0~prettier: Args: [ '-c',
9 silly lifecycle   'prettier --single-quote --write \'./src/**/*.{ts,tsx,json}\'' ]
10 silly lifecycle tdsmaker-app@0.1.0~prettier: Returned: code: 2  signal: null
11 info lifecycle tdsmaker-app@0.1.0~prettier: Failed to exec prettier script
12 verbose stack Error: tdsmaker-app@0.1.0 prettier: `prettier --single-quote --write './src/**/*.{ts,tsx,json}'`
12 verbose stack Exit status 2
12 verbose stack     at EventEmitter.<anonymous> (/home/melih/.nvm/versions/node/v6.14.4/lib/node_modules/npm/lib/utils/lifecycle.js:255:16)
12 verbose stack     at emitTwo (events.js:106:13)
12 verbose stack     at EventEmitter.emit (events.js:191:7)
12 verbose stack     at ChildProcess.<anonymous> (/home/melih/.nvm/versions/node/v6.14.4/lib/node_modules/npm/lib/utils/spawn.js:40:14)
12 verbose stack     at emitTwo (events.js:106:13)
12 verbose stack     at ChildProcess.emit (events.js:191:7)
12 verbose stack     at maybeClose (internal/child_process.js:920:16)
12 verbose stack     at Process.ChildProcess._handle.onexit (internal/child_process.js:230:5)
13 verbose pkgid tdsmaker-app@0.1.0
14 verbose cwd /home/melih/Projects/Personel/TDSMaker/NEW_DESIGN/tm-frontend-app
15 error Linux 4.13.0-37-generic
16 error argv "/home/melih/.nvm/versions/node/v6.14.4/bin/node" "/home/melih/.nvm/versions/node/v6.14.4/bin/npm" "run" "prettier"
17 error node v6.14.4
18 error npm  v3.10.10
19 error code ELIFECYCLE
20 error tdsmaker-app@0.1.0 prettier: `prettier --single-quote --write './src/**/*.{ts,tsx,json}'`
20 error Exit status 2
21 error Failed at the tdsmaker-app@0.1.0 prettier script 'prettier --single-quote --write './src/**/*.{ts,tsx,json}''.
21 error Make sure you have the latest version of node.js and npm installed.
21 error If you do, this is most likely a problem with the tdsmaker-app package,
21 error not with npm itself.
21 error Tell the author that this fails on your system:
21 error     prettier --single-quote --write './src/**/*.{ts,tsx,json}'
21 error You can get information on how to open an issue for this project with:
21 error     npm bugs tdsmaker-app
21 error Or if that isn't available, you can get their info via:
21 error     npm owner ls tdsmaker-app
21 error There is likely additional logging output above.
22 verbose exit [ 1, true ]
