Arguments: 
  /usr/bin/node /usr/share/yarn/bin/yarn.js add ts-jest-svg-png-transformer --dev

PATH: 
  /home/melih/bin:/home/melih/.local/bin:/home/melih/bin:/home/melih/.local/bin:/usr/local/sbin:/usr/local/bin:/usr/sbin:/usr/bin:/sbin:/bin:/usr/games:/usr/local/games:/snap/bin:/usr/lib/jvm/java-8-oracle/bin:/usr/lib/jvm/java-8-oracle/db/bin:/usr/lib/jvm/java-8-oracle/jre/bin:/usr/lib/jvm/java-8-oracle/bin:/usr/lib/jvm/java-8-oracle/db/bin:/usr/lib/jvm/java-8-oracle/jre/bin:/home/melih/Android/Sdk/tools:/home/melih/Android/Sdk/tools

Yarn version: 
  1.6.0

Node version: 
  8.11.3

Platform: 
  linux x64

Trace: 
  Error: https://registry.yarnpkg.com/ts-jest-svg-png-transformer: Not found
      at Request.params.callback [as _callback] (/usr/share/yarn/lib/cli.js:65327:18)
      at Request.self.callback (/usr/share/yarn/lib/cli.js:133155:22)
      at emitTwo (events.js:126:13)
      at Request.emit (events.js:214:7)
      at Request.<anonymous> (/usr/share/yarn/lib/cli.js:134138:10)
      at emitOne (events.js:116:13)
      at Request.emit (events.js:211:7)
      at IncomingMessage.<anonymous> (/usr/share/yarn/lib/cli.js:134058:12)
      at Object.onceWrapper (events.js:313:30)
      at emitNone (events.js:111:20)

npm manifest: 
  {
    "name": "tm-frontend",
    "version": "0.1.0",
    "scripts": {
      "start": "parcel index.html -p 3000",
      "build": "parcel build index.html --no-cache",
      "test": "jest",
      "test:watch": "jest --watchAll"
    },
    "dependencies": {
      "axios": "^0.18.0",
      "classnames": "^2.2.6",
      "immutable": "^3.8.2",
      "moment": "^2.22.2",
      "react": "^16.4.1",
      "react-dom": "^16.4.1",
      "react-redux": "^5.0.7",
      "react-router-dom": "^4.3.1",
      "redux": "^4.0.0",
      "redux-saga": "^0.16.0",
      "typescript": "^2.9.2"
    },
    "devDependencies": {
      "@types/axios": "^0.14.0",
      "@types/enzyme": "^3.1.12",
      "@types/enzyme-adapter-react-16": "^1.0.2",
      "@types/immutable": "^3.8.7",
      "@types/jest": "^23.3.0",
      "@types/moment": "^2.13.0",
      "@types/react": "^16.4.6",
      "@types/react-dom": "^16.0.6",
      "@types/react-redux": "^6.0.4",
      "@types/react-router-dom": "^4.3.0",
      "@types/redux": "^3.6.0",
      "@types/redux-saga": "^0.10.5",
      "@types/sinon": "^5.0.1",
      "enzyme": "^3.3.0",
      "enzyme-adapter-react-16": "^1.1.1",
      "jest": "^23.4.1",
      "jest-css-modules-transform": "^2.0.0",
      "jest-svg-transformer": "^1.0.0",
      "node-sass": "^4.9.2",
      "parcel-bundler": "^1.9.7",
      "sinon": "^6.1.4",
      "ts-jest": "^23.0.1"
    },
    "license": "MIT"
  }

yarn manifest: 
  No manifest

Lockfile: 
  No lockfile
